app/build/intermediates/manifest_merge_blame_file/debug/manifest-merger-blame-debug-report.txt
1<?xml version="1.0" encoding="utf-8"?>
2<manifest xmlns:android="http://schemas.android.com/apk/res/android"
3    package="m.com.nicestart"
4    android:versionCode="1"
5    android:versionName="1.0" >
6
7    <uses-sdk
8        android:minSdkVersion="26"
8-->src/main/AndroidManifest.xml
9        android:targetSdkVersion="29" />
9-->src/main/AndroidManifest.xml
10
11    <application
11-->src/main/AndroidManifest.xml:5:5-26:19
12        android:allowBackup="true"
12-->src/main/AndroidManifest.xml:6:9-35
13        android:appComponentFactory="androidx.core.app.CoreComponentFactory"
13-->[androidx.core:core:1.3.1] AndroidManifest.xml:24:18-86
14        android:debuggable="true"
15        android:extractNativeLibs="false"
16        android:icon="@mipmap/ic_medal"
16-->src/main/AndroidManifest.xml:7:9-40
17        android:label="@string/app_name"
17-->src/main/AndroidManifest.xml:8:9-41
18        android:roundIcon="@mipmap/ic_medal"
18-->src/main/AndroidManifest.xml:9:9-45
19        android:supportsRtl="true"
19-->src/main/AndroidManifest.xml:10:9-35
20        android:testOnly="true"
21        android:theme="@style/Theme.NiceStart" >
21-->src/main/AndroidManifest.xml:11:9-47
22        <activity android:name="m.com.nicestart.MainActivity" />
22-->src/main/AndroidManifest.xml:12:9-59
22-->src/main/AndroidManifest.xml:12:19-47
23        <activity android:name="m.com.nicestart.SplashScreen" >
23-->src/main/AndroidManifest.xml:13:9-19:20
23-->src/main/AndroidManifest.xml:13:19-47
24            <intent-filter>
24-->src/main/AndroidManifest.xml:14:13-18:29
25                <action android:name="android.intent.action.MAIN" />
25-->src/main/AndroidManifest.xml:15:17-69
25-->src/main/AndroidManifest.xml:15:25-66
26
27                <category android:name="android.intent.category.LAUNCHER" />
27-->src/main/AndroidManifest.xml:17:17-77
27-->src/main/AndroidManifest.xml:17:27-74
28            </intent-filter>
29        </activity>
30        <activity android:name="m.com.nicestart.LoginActivity" />
30-->src/main/AndroidManifest.xml:20:9-51
30-->src/main/AndroidManifest.xml:20:19-48
31        <activity android:name="m.com.nicestart.SignupActivity" />
31-->src/main/AndroidManifest.xml:21:9-52
31-->src/main/AndroidManifest.xml:21:19-49
32
33        <meta-data
33-->src/main/AndroidManifest.xml:23:9-25:57
34            android:name="preloaded_fonts"
34-->src/main/AndroidManifest.xml:24:13-43
35            android:resource="@array/preloaded_fonts" />
35-->src/main/AndroidManifest.xml:25:13-54
36    </application>
37
38</manifest>